  PluginProcessor.cpp
  PluginEditor.cpp
  include_juce_audio_basics.cpp
  include_juce_audio_devices.cpp
  include_juce_audio_formats.cpp
  include_juce_audio_plugin_client_utils.cpp
  include_juce_audio_processors.cpp
  include_juce_audio_utils.cpp
..\..\Source\PluginProcessor.cpp(83): warning C4100: 'index': unreferenced formal parameter
..\..\Source\PluginProcessor.cpp(87): warning C4100: 'index': unreferenced formal parameter
..\..\Source\PluginProcessor.cpp(92): warning C4100: 'newName': unreferenced formal parameter
..\..\Source\PluginProcessor.cpp(92): warning C4100: 'index': unreferenced formal parameter
..\..\Source\PluginProcessor.cpp(97): warning C4100: 'samplesPerBlock': unreferenced formal parameter
..\..\Source\PluginProcessor.cpp(97): warning C4100: 'sampleRate': unreferenced formal parameter
..\..\Source\PluginProcessor.cpp(148): warning C4996: 'juce::AudioProcessor::getNumInputChannels': was declared deprecated
  c:\juce\modules\juce_audio_processors\processors/juce_AudioProcessor.h(1373): note: see declaration of 'juce::AudioProcessor::getNumInputChannels'
..\..\Source\PluginProcessor.cpp(133): warning C4100: 'midiMessages': unreferenced formal parameter
..\..\Source\PluginProcessor.cpp(161): warning C4458: declaration of 'blockSize' hides class member
  c:\juce\modules\juce_audio_processors\processors/juce_AudioProcessor.h(1586): note: see declaration of 'juce::AudioProcessor::blockSize' (compiling source file ..\..\Source\PluginProcessor.cpp)
..\..\Source\PluginProcessor.cpp(181): warning C4100: 'destData': unreferenced formal parameter
..\..\Source\PluginProcessor.cpp(188): warning C4100: 'sizeInBytes': unreferenced formal parameter
..\..\Source\PluginProcessor.cpp(188): warning C4100: 'data': unreferenced formal parameter
  include_juce_core.cpp
  include_juce_cryptography.cpp
  include_juce_data_structures.cpp
  include_juce_events.cpp
  include_juce_graphics.cpp
  include_juce_gui_basics.cpp
  include_juce_gui_extra.cpp
  include_juce_opengl.cpp
  include_juce_video.cpp
  MidSideGit_SharedCode.vcxproj -> C:\Users\Gabriel\Documents\MidSideGit\Builds\VisualStudio2015\x64\Debug\Shared Code\MidSideGit.lib
